<?xml version="1.0" encoding="UTF-8"?>
<testsuite xmlns:xsi="http://www.w3.org/2001/XMLSchema-instance" xsi:noNamespaceSchemaLocation="https://maven.apache.org/surefire/maven-surefire-plugin/xsd/surefire-test-report.xsd" name="com.climate.repository.ClimateDataRepositoryTest" time="1.211" tests="16" errors="0" skipped="0" failures="0">
  <properties>
[...]
</properties>
  <testcase name="testFindByLocationNearPaginated" classname="com.climate.repository.ClimateDataRepositoryTest" time="0.15"/>
  <testcase name="testFindByCo2ConcentrationBetweenPaginated" classname="com.climate.repository.ClimateDataRepositoryTest" time="0.033"/>
  <testcase name="testFindAll" classname="com.climate.repository.ClimateDataRepositoryTest" time="0.034"/>
  <testcase name="testFindByYearPaginated" classname="com.climate.repository.ClimateDataRepositoryTest" time="0.034"/>
  <testcase name="testFindByCo2ConcentrationBetween" classname="com.climate.repository.ClimateDataRepositoryTest" time="0.03"/>
  <testcase name="testFindByYear" classname="com.climate.repository.ClimateDataRepositoryTest" time="0.035"/>
  <testcase name="testFindByYearAndMonth" classname="com.climate.repository.ClimateDataRepositoryTest" time="0.031"/>
  <testcase name="testFindByYearBetweenAndAvgTempGreaterThan" classname="com.climate.repository.ClimateDataRepositoryTest" time="0.03"/>
  <testcase name="testFindByMonthPaginated" classname="com.climate.repository.ClimateDataRepositoryTest" time="0.034"/>
  <testcase name="testFindById" classname="com.climate.repository.ClimateDataRepositoryTest" time="0.031"/>
  <testcase name="testFindByLocationNear" classname="com.climate.repository.ClimateDataRepositoryTest" time="0.03"/>
  <testcase name="testFindDataForCorrelation" classname="com.climate.repository.ClimateDataRepositoryTest" time="0.032"/>
  <testcase name="testFindYearlyData" classname="com.climate.repository.ClimateDataRepositoryTest" time="0.032"/>
  <testcase name="testFindByMonth" classname="com.climate.repository.ClimateDataRepositoryTest" time="0.033"/>
  <testcase name="testFindByAvgTempBetweenPaginated" classname="com.climate.repository.ClimateDataRepositoryTest" time="0.033"/>
  <testcase name="testFindByAvgTempBetween" classname="com.climate.repository.ClimateDataRepositoryTest" time="0.035"/>
</testsuite>